0 verbose cli /home/st/.npm-global/bin/node /home/st/.npm-global/bin/npm
1 info using npm@10.8.3
2 info using node@v20.17.0
3 silly config load:file:/home/st/.npm-global/lib/node_modules/npm/npmrc
4 silly config load:file:/home/st/.cache/JetBrains/WebStorm2024.2.3/javascript/typings/@vue/language-server/2.0.26/.npmrc
5 silly config load:file:/home/st/.npmrc
6 silly config load:file:/home/st/.npm-global/etc/npmrc
7 verbose title npm install @vue/language-server@2.0.26
8 verbose argv "install" "@vue/language-server@2.0.26" "--ignore-scripts"
9 verbose logfile logs-max:10 dir:/home/st/.npm/_logs/2024-10-09T04_44_53_194Z-
10 verbose logfile /home/st/.npm/_logs/2024-10-09T04_44_53_194Z-debug-0.log
11 silly packumentCache heap:2197815296 maxSize:549453824 maxEntrySize:274726912
12 silly logfile start cleaning logs, removing 1 files
13 silly logfile done cleaning log files
14 silly idealTree buildDeps
15 silly fetch manifest @vue/language-server@2.0.26
16 silly packumentCache full:https://registry.npmmirror.com/@vue%2flanguage-server cache-miss
17 http fetch GET https://registry.npmmirror.com/@vue%2flanguage-server attempt 1 failed with ETIMEDOUT
18 http fetch GET 200 https://registry.npmmirror.com/@vue%2flanguage-server 10754ms attempt #2 (cache miss)
19 silly packumentCache full:https://registry.npmmirror.com/@vue%2flanguage-server set size:29629 disposed:false
20 silly placeDep ROOT @vue/language-server@2.0.26 OK for:  want: 2.0.26
21 silly fetch manifest @volar/language-core@~2.4.0-alpha.15
22 silly packumentCache full:https://registry.npmmirror.com/@volar%2flanguage-core cache-miss
23 silly fetch manifest @volar/language-server@~2.4.0-alpha.15
24 silly packumentCache full:https://registry.npmmirror.com/@volar%2flanguage-server cache-miss
25 silly fetch manifest @vue/language-core@2.0.26
26 silly packumentCache full:https://registry.npmmirror.com/@vue%2flanguage-core cache-miss
27 silly fetch manifest @vue/language-service@2.0.26
28 silly packumentCache full:https://registry.npmmirror.com/@vue%2flanguage-service cache-miss
29 silly fetch manifest @vue/typescript-plugin@2.0.26
30 silly packumentCache full:https://registry.npmmirror.com/@vue%2ftypescript-plugin cache-miss
31 silly fetch manifest vscode-languageserver-protocol@^3.17.5
32 silly packumentCache full:https://registry.npmmirror.com/vscode-languageserver-protocol cache-miss
33 silly fetch manifest vscode-uri@^3.0.8
34 silly packumentCache full:https://registry.npmmirror.com/vscode-uri cache-miss
35 http fetch GET 200 https://registry.npmmirror.com/@volar%2flanguage-core 146ms (cache miss)
36 silly packumentCache full:https://registry.npmmirror.com/@volar%2flanguage-core set size:129230 disposed:false
37 http fetch GET 200 https://registry.npmmirror.com/vscode-uri 198ms (cache miss)
38 silly packumentCache full:https://registry.npmmirror.com/vscode-uri set size:14965 disposed:false
39 http fetch GET 200 https://registry.npmmirror.com/@vue%2flanguage-service 206ms (cache miss)
40 silly packumentCache full:https://registry.npmmirror.com/@vue%2flanguage-service set size:32802 disposed:false
41 http fetch GET 200 https://registry.npmmirror.com/@vue%2ftypescript-plugin 219ms (cache miss)
42 silly packumentCache full:https://registry.npmmirror.com/@vue%2ftypescript-plugin set size:13839 disposed:false
43 http fetch GET 200 https://registry.npmmirror.com/vscode-languageserver-protocol 223ms (cache miss)
44 silly packumentCache full:https://registry.npmmirror.com/vscode-languageserver-protocol set size:60269 disposed:false
45 http fetch GET 200 https://registry.npmmirror.com/@volar%2flanguage-server 244ms (cache miss)
46 silly packumentCache full:https://registry.npmmirror.com/@volar%2flanguage-server set size:134908 disposed:false
47 http fetch GET 200 https://registry.npmmirror.com/@vue%2flanguage-core 291ms (cache miss)
48 silly packumentCache full:https://registry.npmmirror.com/@vue%2flanguage-core set size:29711 disposed:false
49 silly fetch manifest typescript@*
50 silly packumentCache full:https://registry.npmmirror.com/typescript cache-miss
51 http fetch GET 200 https://registry.npmmirror.com/typescript 551ms (cache miss)
52 silly packumentCache full:https://registry.npmmirror.com/typescript set size:1460195 disposed:false
53 silly placeDep ROOT @volar/language-core@2.4.6 OK for: @vue/language-server@2.0.26 want: ~2.4.0-alpha.15
54 silly placeDep ROOT @volar/language-server@2.4.6 OK for: @vue/language-server@2.0.26 want: ~2.4.0-alpha.15
55 silly placeDep ROOT @vue/language-core@2.0.26 OK for: @vue/language-server@2.0.26 want: 2.0.26
56 silly placeDep ROOT @vue/language-service@2.0.26 OK for: @vue/language-server@2.0.26 want: 2.0.26
57 silly placeDep ROOT @vue/typescript-plugin@2.0.26 OK for: @vue/language-server@2.0.26 want: 2.0.26
58 silly placeDep ROOT vscode-languageserver-protocol@3.17.5 OK for: @vue/language-server@2.0.26 want: ^3.17.5
59 silly placeDep ROOT vscode-uri@3.0.8 OK for: @vue/language-server@2.0.26 want: ^3.0.8
60 silly fetch manifest @volar/source-map@2.4.6
61 silly packumentCache full:https://registry.npmmirror.com/@volar%2fsource-map cache-miss
62 silly fetch manifest @volar/language-service@2.4.6
63 silly packumentCache full:https://registry.npmmirror.com/@volar%2flanguage-service cache-miss
64 silly fetch manifest @volar/typescript@2.4.6
65 silly packumentCache full:https://registry.npmmirror.com/@volar%2ftypescript cache-miss
66 silly fetch manifest path-browserify@^1.0.1
67 silly packumentCache full:https://registry.npmmirror.com/path-browserify cache-miss
68 silly fetch manifest request-light@^0.7.0
69 silly packumentCache full:https://registry.npmmirror.com/request-light cache-miss
70 silly fetch manifest vscode-languageserver@^9.0.1
71 silly packumentCache full:https://registry.npmmirror.com/vscode-languageserver cache-miss
72 silly fetch manifest vscode-languageserver-textdocument@^1.0.11
73 silly packumentCache full:https://registry.npmmirror.com/vscode-languageserver-textdocument cache-miss
74 silly fetch manifest @vue/compiler-dom@^3.4.0
75 silly packumentCache full:https://registry.npmmirror.com/@vue%2fcompiler-dom cache-miss
76 silly fetch manifest @vue/shared@^3.4.0
77 silly packumentCache full:https://registry.npmmirror.com/@vue%2fshared cache-miss
78 silly fetch manifest computeds@^0.0.1
79 silly packumentCache full:https://registry.npmmirror.com/computeds cache-miss
80 silly fetch manifest minimatch@^9.0.3
81 silly packumentCache full:https://registry.npmmirror.com/minimatch cache-miss
82 silly fetch manifest muggle-string@^0.4.1
83 silly packumentCache full:https://registry.npmmirror.com/muggle-string cache-miss
84 silly fetch manifest path-browserify@^1.0.1
85 silly packumentCache full:https://registry.npmmirror.com/path-browserify cache-miss
86 silly fetch manifest vue-template-compiler@^2.7.14
87 silly packumentCache full:https://registry.npmmirror.com/vue-template-compiler cache-miss
88 silly fetch manifest @volar/language-service@~2.4.0-alpha.15
89 silly packumentCache full:https://registry.npmmirror.com/@volar%2flanguage-service cache-miss
90 http fetch GET 200 https://registry.npmmirror.com/@vue%2fcompiler-dom 218ms (cache miss)
91 silly packumentCache full:https://registry.npmmirror.com/@vue%2fcompiler-dom set size:101457 disposed:false
92 silly fetch manifest @volar/typescript@~2.4.0-alpha.15
93 silly packumentCache full:https://registry.npmmirror.com/@volar%2ftypescript cache-miss
94 http fetch GET 200 https://registry.npmmirror.com/request-light 251ms (cache miss)
95 silly packumentCache full:https://registry.npmmirror.com/request-light set size:14008 disposed:false
96 silly fetch manifest @vue/shared@^3.4.0
97 silly packumentCache full:https://registry.npmmirror.com/@vue%2fshared cache-miss
98 http fetch GET 200 https://registry.npmmirror.com/vscode-languageserver-textdocument 252ms (cache miss)
99 silly packumentCache full:https://registry.npmmirror.com/vscode-languageserver-textdocument set size:13337 disposed:false
100 silly fetch manifest computeds@^0.0.1
101 silly packumentCache full:https://registry.npmmirror.com/computeds cache-miss
102 http fetch GET 200 https://registry.npmmirror.com/vscode-languageserver 356ms (cache miss)
103 silly packumentCache full:https://registry.npmmirror.com/vscode-languageserver set size:86186 disposed:false
104 silly fetch manifest path-browserify@^1.0.1
105 silly packumentCache full:https://registry.npmmirror.com/path-browserify cache-miss
106 http fetch GET 200 https://registry.npmmirror.com/minimatch 362ms (cache revalidated)
107 silly packumentCache full:https://registry.npmmirror.com/minimatch set size:296215 disposed:false
108 silly fetch manifest volar-service-css@volar-2.4
109 silly packumentCache full:https://registry.npmmirror.com/volar-service-css cache-miss
110 http fetch GET 200 https://registry.npmmirror.com/@volar%2flanguage-service 417ms (cache miss)
111 silly packumentCache full:https://registry.npmmirror.com/@volar%2flanguage-service set size:132123 disposed:false
112 silly fetch manifest volar-service-emmet@volar-2.4
113 silly packumentCache full:https://registry.npmmirror.com/volar-service-emmet cache-miss
114 http fetch GET 200 https://registry.npmmirror.com/computeds 397ms (cache miss)
115 silly packumentCache full:https://registry.npmmirror.com/computeds set size:1228 disposed:false
116 silly fetch manifest volar-service-html@volar-2.4
117 silly packumentCache full:https://registry.npmmirror.com/volar-service-html cache-miss
118 http fetch GET 200 https://registry.npmmirror.com/computeds 181ms (cache miss)
119 silly packumentCache full:https://registry.npmmirror.com/computeds set size:1228 disposed:false
120 silly packumentCache full:https://registry.npmmirror.com/computeds dispose
121 silly fetch manifest volar-service-json@volar-2.4
122 silly packumentCache full:https://registry.npmmirror.com/volar-service-json cache-miss
123 http fetch GET 200 https://registry.npmmirror.com/muggle-string 407ms (cache miss)
124 silly packumentCache full:https://registry.npmmirror.com/muggle-string set size:6846 disposed:false
125 silly fetch manifest volar-service-pug@volar-2.4
126 silly packumentCache full:https://registry.npmmirror.com/volar-service-pug cache-miss
127 http fetch GET 200 https://registry.npmmirror.com/path-browserify 418ms (cache updated)
128 silly packumentCache full:https://registry.npmmirror.com/path-browserify set size:3752 disposed:false
129 silly fetch manifest volar-service-pug-beautify@volar-2.4
130 silly packumentCache full:https://registry.npmmirror.com/volar-service-pug-beautify cache-miss
131 http fetch GET 200 https://registry.npmmirror.com/path-browserify 464ms (cache updated)
132 silly packumentCache full:https://registry.npmmirror.com/path-browserify set size:3752 disposed:false
133 silly packumentCache full:https://registry.npmmirror.com/path-browserify dispose
134 silly fetch manifest volar-service-typescript@volar-2.4
135 silly packumentCache full:https://registry.npmmirror.com/volar-service-typescript cache-miss
136 http fetch GET 200 https://registry.npmmirror.com/vue-template-compiler 423ms (cache updated)
137 silly packumentCache full:https://registry.npmmirror.com/vue-template-compiler set size:60971 disposed:false
138 silly fetch manifest volar-service-typescript-twoslash-queries@volar-2.4
139 silly packumentCache full:https://registry.npmmirror.com/volar-service-typescript-twoslash-queries cache-miss
140 http fetch GET 200 https://registry.npmmirror.com/@volar%2fsource-map 484ms (cache miss)
141 silly packumentCache full:https://registry.npmmirror.com/@volar%2fsource-map set size:220738 disposed:false
142 silly fetch manifest vscode-html-languageservice@^5.2.0
143 silly packumentCache full:https://registry.npmmirror.com/vscode-html-languageservice cache-miss
144 http fetch GET 200 https://registry.npmmirror.com/@volar%2flanguage-service 439ms (cache miss)
145 silly packumentCache full:https://registry.npmmirror.com/@volar%2flanguage-service set size:132123 disposed:false
146 silly packumentCache full:https://registry.npmmirror.com/@volar%2flanguage-service dispose
147 silly fetch manifest @volar/typescript@~2.4.0-alpha.15
148 silly packumentCache full:https://registry.npmmirror.com/@volar%2ftypescript cache-miss
149 http fetch GET 200 https://registry.npmmirror.com/path-browserify 129ms (cache updated)
150 silly packumentCache full:https://registry.npmmirror.com/path-browserify set size:3752 disposed:true
151 silly packumentCache full:https://registry.npmmirror.com/path-browserify dispose
152 silly fetch manifest @vue/shared@^3.4.0
153 silly packumentCache full:https://registry.npmmirror.com/@vue%2fshared cache-miss
154 http fetch GET 200 https://registry.npmmirror.com/@vue%2fshared 252ms (cache miss)
155 silly packumentCache full:https://registry.npmmirror.com/@vue%2fshared set size:94874 disposed:false
156 silly fetch manifest vscode-jsonrpc@8.2.0
157 silly packumentCache full:https://registry.npmmirror.com/vscode-jsonrpc cache-miss
158 http fetch GET 200 https://registry.npmmirror.com/@volar%2ftypescript 514ms (cache miss)
159 silly packumentCache full:https://registry.npmmirror.com/@volar%2ftypescript set size:115747 disposed:false
160 silly fetch manifest vscode-languageserver-types@3.17.5
161 silly packumentCache full:https://registry.npmmirror.com/vscode-languageserver-types cache-miss
162 http fetch GET 200 https://registry.npmmirror.com/@vue%2fshared 487ms (cache miss)
163 silly packumentCache full:https://registry.npmmirror.com/@vue%2fshared set size:94874 disposed:false
164 silly packumentCache full:https://registry.npmmirror.com/@vue%2fshared dispose
165 http fetch GET 200 https://registry.npmmirror.com/@volar%2ftypescript 303ms (cache miss)
166 silly packumentCache full:https://registry.npmmirror.com/@volar%2ftypescript set size:115747 disposed:false
167 silly packumentCache full:https://registry.npmmirror.com/@volar%2ftypescript dispose
168 http fetch GET 200 https://registry.npmmirror.com/volar-service-emmet 171ms (cache miss)
169 silly packumentCache full:https://registry.npmmirror.com/volar-service-emmet set size:25122 disposed:false
170 http fetch GET 200 https://registry.npmmirror.com/volar-service-css 192ms (cache miss)
171 silly packumentCache full:https://registry.npmmirror.com/volar-service-css set size:24724 disposed:false
172 http fetch GET 200 https://registry.npmmirror.com/volar-service-pug 163ms (cache miss)
173 silly packumentCache full:https://registry.npmmirror.com/volar-service-pug set size:25304 disposed:false
174 http fetch GET 200 https://registry.npmmirror.com/volar-service-json 167ms (cache miss)
175 silly packumentCache full:https://registry.npmmirror.com/volar-service-json set size:24644 disposed:false
176 http fetch GET 200 https://registry.npmmirror.com/volar-service-pug-beautify 156ms (cache miss)
177 silly packumentCache full:https://registry.npmmirror.com/volar-service-pug-beautify set size:24242 disposed:false
178 http fetch GET 200 https://registry.npmmirror.com/volar-service-html 181ms (cache miss)
179 silly packumentCache full:https://registry.npmmirror.com/volar-service-html set size:24686 disposed:false
180 http fetch GET 200 https://registry.npmmirror.com/volar-service-typescript-twoslash-queries 142ms (cache miss)
181 silly packumentCache full:https://registry.npmmirror.com/volar-service-typescript-twoslash-queries set size:24548 disposed:false
182 http fetch GET 200 https://registry.npmmirror.com/@volar%2ftypescript 126ms (cache miss)
183 silly packumentCache full:https://registry.npmmirror.com/@volar%2ftypescript set size:115747 disposed:true
184 silly packumentCache full:https://registry.npmmirror.com/@volar%2ftypescript dispose
185 http fetch GET 200 https://registry.npmmirror.com/@vue%2fshared 130ms (cache miss)
186 silly packumentCache full:https://registry.npmmirror.com/@vue%2fshared set size:94874 disposed:true
187 silly packumentCache full:https://registry.npmmirror.com/@vue%2fshared dispose
188 http fetch GET 200 https://registry.npmmirror.com/vscode-html-languageservice 160ms (cache miss)
189 silly packumentCache full:https://registry.npmmirror.com/vscode-html-languageservice set size:55267 disposed:false
190 http fetch GET 200 https://registry.npmmirror.com/vscode-languageserver-types 144ms (cache miss)
191 silly packumentCache full:https://registry.npmmirror.com/vscode-languageserver-types set size:42600 disposed:false
192 http fetch GET 200 https://registry.npmmirror.com/volar-service-typescript 204ms (cache miss)
193 silly packumentCache full:https://registry.npmmirror.com/volar-service-typescript set size:27132 disposed:false
194 http fetch GET 200 https://registry.npmmirror.com/vscode-jsonrpc 166ms (cache miss)
195 silly packumentCache full:https://registry.npmmirror.com/vscode-jsonrpc set size:50252 disposed:false
196 silly placeDep ROOT @volar/source-map@2.4.6 OK for: @volar/language-core@2.4.6 want: 2.4.6
197 silly placeDep ROOT @volar/language-service@2.4.6 OK for: @volar/language-server@2.4.6 want: 2.4.6
198 silly placeDep ROOT @volar/typescript@2.4.6 OK for: @volar/language-server@2.4.6 want: 2.4.6
199 silly placeDep ROOT path-browserify@1.0.1 OK for: @volar/language-server@2.4.6 want: ^1.0.1
200 silly placeDep ROOT request-light@0.7.0 OK for: @volar/language-server@2.4.6 want: ^0.7.0
201 silly placeDep ROOT vscode-languageserver@9.0.1 OK for: @volar/language-server@2.4.6 want: ^9.0.1
202 silly placeDep ROOT vscode-languageserver-textdocument@1.0.12 OK for: @volar/language-server@2.4.6 want: ^1.0.11
203 silly placeDep ROOT @vue/compiler-dom@3.5.11 OK for: @vue/language-core@2.0.26 want: ^3.4.0
204 silly placeDep ROOT @vue/shared@3.5.11 OK for: @vue/language-core@2.0.26 want: ^3.4.0
205 silly placeDep ROOT computeds@0.0.1 OK for: @vue/language-core@2.0.26 want: ^0.0.1
206 silly placeDep ROOT minimatch@9.0.5 OK for: @vue/language-core@2.0.26 want: ^9.0.3
207 silly placeDep ROOT muggle-string@0.4.1 OK for: @vue/language-core@2.0.26 want: ^0.4.1
208 silly placeDep ROOT vue-template-compiler@2.7.16 OK for: @vue/language-core@2.0.26 want: ^2.7.14
209 silly fetch manifest @vue/compiler-core@3.5.11
210 silly packumentCache full:https://registry.npmmirror.com/@vue%2fcompiler-core cache-miss
211 silly fetch manifest @vue/shared@3.5.11
212 silly packumentCache full:https://registry.npmmirror.com/@vue%2fshared cache-hit
213 silly fetch manifest brace-expansion@^2.0.1
214 silly packumentCache full:https://registry.npmmirror.com/brace-expansion cache-miss
215 silly fetch manifest de-indent@^1.0.2
216 silly packumentCache full:https://registry.npmmirror.com/de-indent cache-miss
217 silly fetch manifest he@^1.2.0
218 silly packumentCache full:https://registry.npmmirror.com/he cache-miss
219 http fetch GET 200 https://registry.npmmirror.com/he 64ms (cache revalidated)
220 silly packumentCache full:https://registry.npmmirror.com/he set size:57414 disposed:false
221 http fetch GET 200 https://registry.npmmirror.com/de-indent 67ms (cache revalidated)
222 silly packumentCache full:https://registry.npmmirror.com/de-indent set size:4435 disposed:false
223 http fetch GET 200 https://registry.npmmirror.com/@vue%2fcompiler-core 82ms (cache miss)
224 silly packumentCache full:https://registry.npmmirror.com/@vue%2fcompiler-core set size:101427 disposed:false
225 http fetch GET 200 https://registry.npmmirror.com/brace-expansion 100ms (cache revalidated)
226 silly packumentCache full:https://registry.npmmirror.com/brace-expansion set size:39640 disposed:false
227 silly placeDep ROOT @vue/compiler-core@3.5.11 OK for: @vue/compiler-dom@3.5.11 want: 3.5.11
228 silly fetch manifest @babel/parser@^7.25.3
229 silly packumentCache full:https://registry.npmmirror.com/@babel%2fparser cache-miss
230 silly fetch manifest entities@^4.5.0
231 silly packumentCache full:https://registry.npmmirror.com/entities cache-miss
232 silly fetch manifest estree-walker@^2.0.2
233 silly packumentCache full:https://registry.npmmirror.com/estree-walker cache-miss
234 silly fetch manifest source-map-js@^1.2.0
235 silly packumentCache full:https://registry.npmmirror.com/source-map-js cache-miss
236 http fetch GET 200 https://registry.npmmirror.com/estree-walker 65ms (cache miss)
237 silly packumentCache full:https://registry.npmmirror.com/estree-walker set size:11874 disposed:false
238 http fetch GET 200 https://registry.npmmirror.com/entities 68ms (cache revalidated)
239 silly packumentCache full:https://registry.npmmirror.com/entities set size:76186 disposed:false
240 http fetch GET 200 https://registry.npmmirror.com/@babel%2fparser 97ms (cache updated)
241 silly packumentCache full:https://registry.npmmirror.com/@babel%2fparser set size:93443 disposed:false
242 http fetch GET 200 https://registry.npmmirror.com/source-map-js 111ms (cache revalidated)
243 silly packumentCache full:https://registry.npmmirror.com/source-map-js set size:61050 disposed:false
244 silly placeDep ROOT @babel/parser@7.25.7 OK for: @vue/compiler-core@3.5.11 want: ^7.25.3
245 silly placeDep ROOT entities@4.5.0 OK for: @vue/compiler-core@3.5.11 want: ^4.5.0
246 silly placeDep ROOT estree-walker@2.0.2 OK for: @vue/compiler-core@3.5.11 want: ^2.0.2
247 silly placeDep ROOT source-map-js@1.2.1 OK for: @vue/compiler-core@3.5.11 want: ^1.2.0
248 silly fetch manifest @babel/types@^7.25.7
249 silly packumentCache full:https://registry.npmmirror.com/@babel%2ftypes cache-miss
250 http fetch GET 200 https://registry.npmmirror.com/@babel%2ftypes 84ms (cache updated)
251 silly packumentCache full:https://registry.npmmirror.com/@babel%2ftypes set size:69001 disposed:false
252 silly placeDep ROOT @babel/types@7.25.7 OK for: @babel/parser@7.25.7 want: ^7.25.7
253 silly fetch manifest @babel/helper-string-parser@^7.25.7
254 silly packumentCache full:https://registry.npmmirror.com/@babel%2fhelper-string-parser cache-miss
255 silly fetch manifest @babel/helper-validator-identifier@^7.25.7
256 silly packumentCache full:https://registry.npmmirror.com/@babel%2fhelper-validator-identifier cache-miss
257 silly fetch manifest to-fast-properties@^2.0.0
258 silly packumentCache full:https://registry.npmmirror.com/to-fast-properties cache-miss
259 http fetch GET 200 https://registry.npmmirror.com/@babel%2fhelper-string-parser 67ms (cache revalidated)
260 silly packumentCache full:https://registry.npmmirror.com/@babel%2fhelper-string-parser set size:59261 disposed:false
261 http fetch GET 200 https://registry.npmmirror.com/to-fast-properties 71ms (cache revalidated)
262 silly packumentCache full:https://registry.npmmirror.com/to-fast-properties set size:14364 disposed:false
263 http fetch GET 200 https://registry.npmmirror.com/@babel%2fhelper-validator-identifier 151ms (cache revalidated)
264 silly packumentCache full:https://registry.npmmirror.com/@babel%2fhelper-validator-identifier set size:80620 disposed:false
265 silly placeDep ROOT @babel/helper-string-parser@7.25.7 OK for: @babel/types@7.25.7 want: ^7.25.7
266 silly placeDep ROOT @babel/helper-validator-identifier@7.25.7 OK for: @babel/types@7.25.7 want: ^7.25.7
267 silly placeDep ROOT to-fast-properties@2.0.0 OK for: @babel/types@7.25.7 want: ^2.0.0
268 silly placeDep ROOT volar-service-css@0.0.62 OK for: @vue/language-service@2.0.26 want: volar-2.4
269 silly placeDep ROOT volar-service-emmet@0.0.62 OK for: @vue/language-service@2.0.26 want: volar-2.4
270 silly placeDep ROOT volar-service-html@0.0.62 OK for: @vue/language-service@2.0.26 want: volar-2.4
271 silly placeDep ROOT volar-service-json@0.0.62 OK for: @vue/language-service@2.0.26 want: volar-2.4
272 silly placeDep ROOT volar-service-pug@0.0.62 OK for: @vue/language-service@2.0.26 want: volar-2.4
273 silly placeDep ROOT volar-service-pug-beautify@0.0.62 OK for: @vue/language-service@2.0.26 want: volar-2.4
274 silly placeDep ROOT volar-service-typescript@0.0.62 OK for: @vue/language-service@2.0.26 want: volar-2.4
275 silly placeDep ROOT volar-service-typescript-twoslash-queries@0.0.62 OK for: @vue/language-service@2.0.26 want: volar-2.4
276 silly placeDep ROOT vscode-html-languageservice@5.3.1 OK for: @vue/language-service@2.0.26 want: ^5.2.0
277 silly fetch manifest vscode-css-languageservice@^6.3.0
278 silly packumentCache full:https://registry.npmmirror.com/vscode-css-languageservice cache-miss
279 silly fetch manifest @emmetio/css-parser@^0.4.0
280 silly packumentCache full:https://registry.npmmirror.com/@emmetio%2fcss-parser cache-miss
281 silly fetch manifest @vscode/emmet-helper@^2.9.3
282 silly packumentCache full:https://registry.npmmirror.com/@vscode%2femmet-helper cache-miss
283 silly fetch manifest @emmetio/html-matcher@^1.3.0
284 silly packumentCache full:https://registry.npmmirror.com/@emmetio%2fhtml-matcher cache-miss
285 silly fetch manifest vscode-html-languageservice@^5.3.0
286 silly packumentCache full:https://registry.npmmirror.com/vscode-html-languageservice cache-hit
287 silly fetch manifest vscode-json-languageservice@^5.4.0
288 silly packumentCache full:https://registry.npmmirror.com/vscode-json-languageservice cache-miss
289 silly fetch manifest pug-lexer@^5.0.1
290 silly packumentCache full:https://registry.npmmirror.com/pug-lexer cache-miss
291 silly fetch manifest pug-parser@^6.0.0
292 silly packumentCache full:https://registry.npmmirror.com/pug-parser cache-miss
293 silly fetch manifest vscode-html-languageservice@^5.3.0
294 silly packumentCache full:https://registry.npmmirror.com/vscode-html-languageservice cache-hit
295 silly fetch manifest @johnsoncodehk/pug-beautify@^0.2.2
296 silly packumentCache full:https://registry.npmmirror.com/@johnsoncodehk%2fpug-beautify cache-miss
297 silly fetch manifest semver@^7.6.2
298 silly packumentCache full:https://registry.npmmirror.com/semver cache-miss
299 silly fetch manifest vscode-nls@^5.2.0
300 silly packumentCache full:https://registry.npmmirror.com/vscode-nls cache-miss
301 silly fetch manifest typescript-auto-import-cache@^0.3.3
302 silly packumentCache full:https://registry.npmmirror.com/typescript-auto-import-cache cache-miss
303 silly fetch manifest @vscode/l10n@^0.0.18
304 silly packumentCache full:https://registry.npmmirror.com/@vscode%2fl10n cache-miss
305 silly fetch manifest vscode-languageserver-types@^3.17.5
306 silly packumentCache full:https://registry.npmmirror.com/vscode-languageserver-types cache-hit
307 http fetch GET 200 https://registry.npmmirror.com/semver 95ms (cache updated)
308 silly packumentCache full:https://registry.npmmirror.com/semver set size:42381 disposed:false
309 http fetch GET 200 https://registry.npmmirror.com/vscode-nls 132ms (cache miss)
310 silly packumentCache full:https://registry.npmmirror.com/vscode-nls set size:16017 disposed:false
311 http fetch GET 200 https://registry.npmmirror.com/@vscode%2fl10n 134ms (cache miss)
312 silly packumentCache full:https://registry.npmmirror.com/@vscode%2fl10n set size:15907 disposed:false
313 http fetch GET 200 https://registry.npmmirror.com/pug-parser 140ms (cache miss)
314 silly packumentCache full:https://registry.npmmirror.com/pug-parser set size:6234 disposed:false
315 http fetch GET 200 https://registry.npmmirror.com/typescript-auto-import-cache 138ms (cache miss)
316 silly packumentCache full:https://registry.npmmirror.com/typescript-auto-import-cache set size:5120 disposed:false
317 http fetch GET 200 https://registry.npmmirror.com/@emmetio%2fhtml-matcher 144ms (cache miss)
318 silly packumentCache full:https://registry.npmmirror.com/@emmetio%2fhtml-matcher set size:6371 disposed:false
319 http fetch GET 200 https://registry.npmmirror.com/@johnsoncodehk%2fpug-beautify 142ms (cache miss)
320 silly packumentCache full:https://registry.npmmirror.com/@johnsoncodehk%2fpug-beautify set size:2297 disposed:false
321 http fetch GET 200 https://registry.npmmirror.com/pug-lexer 144ms (cache miss)
322 silly packumentCache full:https://registry.npmmirror.com/pug-lexer set size:9393 disposed:false
323 http fetch GET 200 https://registry.npmmirror.com/@emmetio%2fcss-parser 148ms (cache miss)
324 silly packumentCache full:https://registry.npmmirror.com/@emmetio%2fcss-parser set size:1846 disposed:false
325 http fetch GET 200 https://registry.npmmirror.com/vscode-css-languageservice 153ms (cache miss)
326 silly packumentCache full:https://registry.npmmirror.com/vscode-css-languageservice set size:73510 disposed:false
327 http fetch GET 200 https://registry.npmmirror.com/vscode-json-languageservice 162ms (cache miss)
328 silly packumentCache full:https://registry.npmmirror.com/vscode-json-languageservice set size:62829 disposed:false
329 http fetch GET 200 https://registry.npmmirror.com/@vscode%2femmet-helper 236ms (cache miss)
330 silly packumentCache full:https://registry.npmmirror.com/@vscode%2femmet-helper set size:10643 disposed:false
331 silly placeDep ROOT brace-expansion@2.0.1 OK for: minimatch@9.0.5 want: ^2.0.1
332 silly fetch manifest balanced-match@^1.0.0
333 silly packumentCache full:https://registry.npmmirror.com/balanced-match cache-miss
334 http fetch GET 200 https://registry.npmmirror.com/balanced-match 84ms (cache revalidated)
335 silly packumentCache full:https://registry.npmmirror.com/balanced-match set size:31066 disposed:false
336 silly placeDep ROOT balanced-match@1.0.2 OK for: brace-expansion@2.0.1 want: ^1.0.0
337 silly placeDep ROOT vscode-css-languageservice@6.3.1 OK for: volar-service-css@0.0.62 want: ^6.3.0
338 silly placeDep ROOT @emmetio/css-parser@0.4.0 OK for: volar-service-emmet@0.0.62 want: ^0.4.0
339 silly placeDep ROOT @emmetio/html-matcher@1.3.0 OK for: volar-service-emmet@0.0.62 want: ^1.3.0
340 silly placeDep ROOT @vscode/emmet-helper@2.9.3 OK for: volar-service-emmet@0.0.62 want: ^2.9.3
341 silly fetch manifest @emmetio/stream-reader@^2.2.0
342 silly packumentCache full:https://registry.npmmirror.com/@emmetio%2fstream-reader cache-miss
343 silly fetch manifest @emmetio/stream-reader-utils@^0.1.0
344 silly packumentCache full:https://registry.npmmirror.com/@emmetio%2fstream-reader-utils cache-miss
345 silly fetch manifest @emmetio/scanner@^1.0.0
346 silly packumentCache full:https://registry.npmmirror.com/@emmetio%2fscanner cache-miss
347 silly fetch manifest emmet@^2.4.3
348 silly packumentCache full:https://registry.npmmirror.com/emmet cache-miss
349 silly fetch manifest jsonc-parser@^2.3.0
350 silly packumentCache full:https://registry.npmmirror.com/jsonc-parser cache-miss
351 silly fetch manifest vscode-languageserver-types@^3.15.1
352 silly packumentCache full:https://registry.npmmirror.com/vscode-languageserver-types cache-hit
353 silly fetch manifest vscode-uri@^2.1.2
354 silly packumentCache full:https://registry.npmmirror.com/vscode-uri cache-hit
355 http fetch GET 200 https://registry.npmmirror.com/@emmetio%2fscanner 96ms (cache miss)
356 silly packumentCache full:https://registry.npmmirror.com/@emmetio%2fscanner set size:6963 disposed:false
357 http fetch GET 200 https://registry.npmmirror.com/@emmetio%2fstream-reader-utils 99ms (cache miss)
358 silly packumentCache full:https://registry.npmmirror.com/@emmetio%2fstream-reader-utils set size:1082 disposed:false
359 http fetch GET 200 https://registry.npmmirror.com/@emmetio%2fstream-reader 109ms (cache miss)
360 silly packumentCache full:https://registry.npmmirror.com/@emmetio%2fstream-reader set size:2452 disposed:false
361 http fetch GET 200 https://registry.npmmirror.com/emmet 109ms (cache miss)
362 silly packumentCache full:https://registry.npmmirror.com/emmet set size:28267 disposed:false
363 http fetch GET 200 https://registry.npmmirror.com/jsonc-parser 152ms (cache miss)
364 silly packumentCache full:https://registry.npmmirror.com/jsonc-parser set size:19398 disposed:false
365 silly placeDep ROOT @emmetio/stream-reader@2.2.0 OK for: @emmetio/css-parser@0.4.0 want: ^2.2.0
366 silly placeDep ROOT @emmetio/stream-reader-utils@0.1.0 OK for: @emmetio/css-parser@0.4.0 want: ^0.1.0
367 silly placeDep ROOT @emmetio/scanner@1.0.4 OK for: @emmetio/html-matcher@1.3.0 want: ^1.0.0
368 silly placeDep ROOT emmet@2.4.11 OK for: @vscode/emmet-helper@2.9.3 want: ^2.4.3
369 silly placeDep ROOT jsonc-parser@2.3.1 OK for: @vscode/emmet-helper@2.9.3 want: ^2.3.0
370 silly placeDep ROOT vscode-languageserver-types@3.17.5 OK for: @vscode/emmet-helper@2.9.3 want: ^3.15.1
371 silly placeDep node_modules/@vscode/emmet-helper vscode-uri@2.1.2 OK for: @vscode/emmet-helper@2.9.3 want: ^2.1.2
372 silly fetch manifest @emmetio/abbreviation@^2.3.3
373 silly packumentCache full:https://registry.npmmirror.com/@emmetio%2fabbreviation cache-miss
374 silly fetch manifest @emmetio/css-abbreviation@^2.1.8
375 silly packumentCache full:https://registry.npmmirror.com/@emmetio%2fcss-abbreviation cache-miss
376 http fetch GET 200 https://registry.npmmirror.com/@emmetio%2fabbreviation 102ms (cache miss)
377 silly packumentCache full:https://registry.npmmirror.com/@emmetio%2fabbreviation set size:19126 disposed:false
378 http fetch GET 200 https://registry.npmmirror.com/@emmetio%2fcss-abbreviation 172ms (cache miss)
379 silly packumentCache full:https://registry.npmmirror.com/@emmetio%2fcss-abbreviation set size:12553 disposed:false
380 silly placeDep ROOT @emmetio/abbreviation@2.3.3 OK for: emmet@2.4.11 want: ^2.3.3
381 silly placeDep ROOT @emmetio/css-abbreviation@2.1.8 OK for: emmet@2.4.11 want: ^2.1.8
382 silly placeDep ROOT vscode-json-languageservice@5.4.1 OK for: volar-service-json@0.0.62 want: ^5.4.0
383 silly fetch manifest jsonc-parser@^3.3.1
384 silly packumentCache full:https://registry.npmmirror.com/jsonc-parser cache-hit
385 silly placeDep ROOT pug-lexer@5.0.1 OK for: volar-service-pug@0.0.62 want: ^5.0.1
386 silly placeDep ROOT pug-parser@6.0.0 OK for: volar-service-pug@0.0.62 want: ^6.0.0
387 silly fetch manifest character-parser@^2.2.0
388 silly packumentCache full:https://registry.npmmirror.com/character-parser cache-miss
389 silly fetch manifest is-expression@^4.0.0
390 silly packumentCache full:https://registry.npmmirror.com/is-expression cache-miss
391 silly fetch manifest pug-error@^2.0.0
392 silly packumentCache full:https://registry.npmmirror.com/pug-error cache-miss
393 silly fetch manifest pug-error@^2.0.0
394 silly packumentCache full:https://registry.npmmirror.com/pug-error cache-miss
395 silly fetch manifest token-stream@1.0.0
396 silly packumentCache full:https://registry.npmmirror.com/token-stream cache-miss
397 http fetch GET 200 https://registry.npmmirror.com/pug-error 133ms (cache miss)
398 silly packumentCache full:https://registry.npmmirror.com/pug-error set size:5356 disposed:false
399 http fetch GET 200 https://registry.npmmirror.com/is-expression 136ms (cache miss)
400 silly packumentCache full:https://registry.npmmirror.com/is-expression set size:3835 disposed:false
401 http fetch GET 200 https://registry.npmmirror.com/token-stream 135ms (cache miss)
402 silly packumentCache full:https://registry.npmmirror.com/token-stream set size:1991 disposed:false
403 http fetch GET 200 https://registry.npmmirror.com/pug-error 136ms (cache miss)
404 silly packumentCache full:https://registry.npmmirror.com/pug-error set size:5356 disposed:false
405 silly packumentCache full:https://registry.npmmirror.com/pug-error dispose
406 http fetch GET 200 https://registry.npmmirror.com/character-parser 193ms (cache miss)
407 silly packumentCache full:https://registry.npmmirror.com/character-parser set size:10154 disposed:false
408 silly placeDep ROOT character-parser@2.2.0 OK for: pug-lexer@5.0.1 want: ^2.2.0
409 silly placeDep ROOT is-expression@4.0.0 OK for: pug-lexer@5.0.1 want: ^4.0.0
410 silly placeDep ROOT pug-error@2.1.0 OK for: pug-lexer@5.0.1 want: ^2.0.0
411 silly fetch manifest is-regex@^1.0.3
412 silly packumentCache full:https://registry.npmmirror.com/is-regex cache-miss
413 silly fetch manifest acorn@^7.1.1
414 silly packumentCache full:https://registry.npmmirror.com/acorn cache-miss
415 silly fetch manifest object-assign@^4.1.1
416 silly packumentCache full:https://registry.npmmirror.com/object-assign cache-miss
417 http fetch GET 200 https://registry.npmmirror.com/object-assign 64ms (cache revalidated)
418 silly packumentCache full:https://registry.npmmirror.com/object-assign set size:27397 disposed:false
419 http fetch GET 200 https://registry.npmmirror.com/acorn 72ms (cache updated)
420 silly packumentCache full:https://registry.npmmirror.com/acorn set size:50293 disposed:false
421 http fetch GET 200 https://registry.npmmirror.com/is-regex 92ms (cache revalidated)
422 silly packumentCache full:https://registry.npmmirror.com/is-regex set size:30171 disposed:false
423 silly placeDep ROOT is-regex@1.1.4 OK for: character-parser@2.2.0 want: ^1.0.3
424 silly fetch manifest call-bind@^1.0.2
425 silly packumentCache full:https://registry.npmmirror.com/call-bind cache-miss
426 silly fetch manifest has-tostringtag@^1.0.0
427 silly packumentCache full:https://registry.npmmirror.com/has-tostringtag cache-miss
428 http fetch GET 200 https://registry.npmmirror.com/call-bind 60ms (cache revalidated)
429 silly packumentCache full:https://registry.npmmirror.com/call-bind set size:24919 disposed:false
430 http fetch GET 200 https://registry.npmmirror.com/has-tostringtag 97ms (cache revalidated)
431 silly packumentCache full:https://registry.npmmirror.com/has-tostringtag set size:13246 disposed:false
432 silly placeDep ROOT acorn@7.4.1 OK for: is-expression@4.0.0 want: ^7.1.1
433 silly placeDep ROOT object-assign@4.1.1 OK for: is-expression@4.0.0 want: ^4.1.1
434 silly placeDep ROOT call-bind@1.0.7 OK for: is-regex@1.1.4 want: ^1.0.2
435 silly placeDep ROOT has-tostringtag@1.0.2 OK for: is-regex@1.1.4 want: ^1.0.0
436 silly fetch manifest es-define-property@^1.0.0
437 silly packumentCache full:https://registry.npmmirror.com/es-define-property cache-miss
438 silly fetch manifest es-errors@^1.3.0
439 silly packumentCache full:https://registry.npmmirror.com/es-errors cache-miss
440 silly fetch manifest function-bind@^1.1.2
441 silly packumentCache full:https://registry.npmmirror.com/function-bind cache-miss
442 silly fetch manifest get-intrinsic@^1.2.4
443 silly packumentCache full:https://registry.npmmirror.com/get-intrinsic cache-miss
444 silly fetch manifest set-function-length@^1.2.1
445 silly packumentCache full:https://registry.npmmirror.com/set-function-length cache-miss
446 silly fetch manifest has-symbols@^1.0.3
447 silly packumentCache full:https://registry.npmmirror.com/has-symbols cache-miss
448 http fetch GET 200 https://registry.npmmirror.com/function-bind 65ms (cache revalidated)
449 silly packumentCache full:https://registry.npmmirror.com/function-bind set size:15630 disposed:false
450 http fetch GET 200 https://registry.npmmirror.com/es-errors 69ms (cache revalidated)
451 silly packumentCache full:https://registry.npmmirror.com/es-errors set size:17576 disposed:false
452 http fetch GET 200 https://registry.npmmirror.com/has-symbols 69ms (cache revalidated)
453 silly packumentCache full:https://registry.npmmirror.com/has-symbols set size:15929 disposed:false
454 http fetch GET 200 https://registry.npmmirror.com/es-define-property 73ms (cache revalidated)
455 silly packumentCache full:https://registry.npmmirror.com/es-define-property set size:5854 disposed:false
456 http fetch GET 200 https://registry.npmmirror.com/get-intrinsic 74ms (cache revalidated)
457 silly packumentCache full:https://registry.npmmirror.com/get-intrinsic set size:40821 disposed:false
458 http fetch GET 200 https://registry.npmmirror.com/set-function-length 77ms (cache revalidated)
459 silly packumentCache full:https://registry.npmmirror.com/set-function-length set size:25181 disposed:false
460 silly placeDep ROOT es-define-property@1.0.0 OK for: call-bind@1.0.7 want: ^1.0.0
461 silly placeDep ROOT es-errors@1.3.0 OK for: call-bind@1.0.7 want: ^1.3.0
462 silly placeDep ROOT function-bind@1.1.2 OK for: call-bind@1.0.7 want: ^1.1.2
463 silly placeDep ROOT get-intrinsic@1.2.4 OK for: call-bind@1.0.7 want: ^1.2.4
464 silly placeDep ROOT set-function-length@1.2.2 OK for: call-bind@1.0.7 want: ^1.2.1
465 silly fetch manifest has-proto@^1.0.1
466 silly packumentCache full:https://registry.npmmirror.com/has-proto cache-miss
467 silly fetch manifest hasown@^2.0.0
468 silly packumentCache full:https://registry.npmmirror.com/hasown cache-miss
469 silly fetch manifest define-data-property@^1.1.4
470 silly packumentCache full:https://registry.npmmirror.com/define-data-property cache-miss
471 silly fetch manifest gopd@^1.0.1
472 silly packumentCache full:https://registry.npmmirror.com/gopd cache-miss
473 silly fetch manifest has-property-descriptors@^1.0.2
474 silly packumentCache full:https://registry.npmmirror.com/has-property-descriptors cache-miss
475 http fetch GET 200 https://registry.npmmirror.com/define-data-property 66ms (cache revalidated)
476 silly packumentCache full:https://registry.npmmirror.com/define-data-property set size:28969 disposed:false
477 http fetch GET 200 https://registry.npmmirror.com/gopd 67ms (cache revalidated)
478 silly packumentCache full:https://registry.npmmirror.com/gopd set size:5942 disposed:false
479 http fetch GET 200 https://registry.npmmirror.com/hasown 69ms (cache revalidated)
480 silly packumentCache full:https://registry.npmmirror.com/hasown set size:12847 disposed:false
481 http fetch GET 200 https://registry.npmmirror.com/has-property-descriptors 72ms (cache revalidated)
482 silly packumentCache full:https://registry.npmmirror.com/has-property-descriptors set size:12803 disposed:false
483 http fetch GET 200 https://registry.npmmirror.com/has-proto 141ms (cache revalidated)
484 silly packumentCache full:https://registry.npmmirror.com/has-proto set size:15403 disposed:false
485 silly placeDep ROOT has-proto@1.0.3 OK for: get-intrinsic@1.2.4 want: ^1.0.1
486 silly placeDep ROOT has-symbols@1.0.3 OK for: get-intrinsic@1.2.4 want: ^1.0.3
487 silly placeDep ROOT hasown@2.0.2 OK for: get-intrinsic@1.2.4 want: ^2.0.0
488 silly placeDep ROOT token-stream@1.0.0 OK for: pug-parser@6.0.0 want: 1.0.0
489 silly placeDep ROOT define-data-property@1.1.4 OK for: set-function-length@1.2.2 want: ^1.1.4
490 silly placeDep ROOT gopd@1.0.1 OK for: set-function-length@1.2.2 want: ^1.0.1
491 silly placeDep ROOT has-property-descriptors@1.0.2 OK for: set-function-length@1.2.2 want: ^1.0.2
492 silly placeDep ROOT @johnsoncodehk/pug-beautify@0.2.2 OK for: volar-service-pug-beautify@0.0.62 want: ^0.2.2
493 silly placeDep ROOT semver@7.6.3 OK for: volar-service-typescript@0.0.62 want: ^7.6.2
494 silly placeDep ROOT typescript-auto-import-cache@0.3.3 OK for: volar-service-typescript@0.0.62 want: ^0.3.3
495 silly placeDep ROOT vscode-nls@5.2.0 OK for: volar-service-typescript@0.0.62 want: ^5.2.0
496 silly placeDep ROOT @vscode/l10n@0.0.18 OK for: vscode-css-languageservice@6.3.1 want: ^0.0.18
497 silly placeDep node_modules/vscode-json-languageservice jsonc-parser@3.3.1 OK for: vscode-json-languageservice@5.4.1 want: ^3.3.1
498 silly placeDep ROOT vscode-jsonrpc@8.2.0 OK for: vscode-languageserver-protocol@3.17.5 want: 8.2.0
499 silly placeDep ROOT de-indent@1.0.2 OK for: vue-template-compiler@2.7.16 want: ^1.0.2
500 silly placeDep ROOT he@1.2.0 OK for: vue-template-compiler@2.7.16 want: ^1.2.0
501 silly reify moves {}
502 silly tarball no local data for vscode-jsonrpc@https://registry.npmmirror.com/vscode-jsonrpc/-/vscode-jsonrpc-8.2.0.tgz. Extracting by manifest.
503 silly tarball no local data for @vscode/l10n@https://registry.npmmirror.com/@vscode/l10n/-/l10n-0.0.18.tgz. Extracting by manifest.
504 silly tarball no local data for typescript-auto-import-cache@https://registry.npmmirror.com/typescript-auto-import-cache/-/typescript-auto-import-cache-0.3.3.tgz. Extracting by manifest.
505 silly tarball no local data for vscode-nls@https://registry.npmmirror.com/vscode-nls/-/vscode-nls-5.2.0.tgz. Extracting by manifest.
506 silly tarball no local data for semver@https://registry.npmmirror.com/semver/-/semver-7.6.3.tgz. Extracting by manifest.
507 silly tarball no local data for @johnsoncodehk/pug-beautify@https://registry.npmmirror.com/@johnsoncodehk/pug-beautify/-/pug-beautify-0.2.2.tgz. Extracting by manifest.
508 silly tarball no local data for token-stream@https://registry.npmmirror.com/token-stream/-/token-stream-1.0.0.tgz. Extracting by manifest.
509 silly tarball no local data for pug-error@https://registry.npmmirror.com/pug-error/-/pug-error-2.1.0.tgz. Extracting by manifest.
510 silly tarball no local data for acorn@https://registry.npmmirror.com/acorn/-/acorn-7.4.1.tgz. Extracting by manifest.
511 silly tarball no local data for is-expression@https://registry.npmmirror.com/is-expression/-/is-expression-4.0.0.tgz. Extracting by manifest.
512 silly tarball no local data for pug-lexer@https://registry.npmmirror.com/pug-lexer/-/pug-lexer-5.0.1.tgz. Extracting by manifest.
513 silly tarball no local data for character-parser@https://registry.npmmirror.com/character-parser/-/character-parser-2.2.0.tgz. Extracting by manifest.
514 silly tarball no local data for pug-parser@https://registry.npmmirror.com/pug-parser/-/pug-parser-6.0.0.tgz. Extracting by manifest.
515 silly tarball no local data for vscode-json-languageservice@https://registry.npmmirror.com/vscode-json-languageservice/-/vscode-json-languageservice-5.4.1.tgz. Extracting by manifest.
516 silly tarball no local data for @emmetio/css-abbreviation@https://registry.npmmirror.com/@emmetio/css-abbreviation/-/css-abbreviation-2.1.8.tgz. Extracting by manifest.
517 silly tarball no local data for vscode-languageserver-types@https://registry.npmmirror.com/vscode-languageserver-types/-/vscode-languageserver-types-3.17.5.tgz. Extracting by manifest.
518 silly tarball no local data for @emmetio/abbreviation@https://registry.npmmirror.com/@emmetio/abbreviation/-/abbreviation-2.3.3.tgz. Extracting by manifest.
519 silly tarball no local data for emmet@https://registry.npmmirror.com/emmet/-/emmet-2.4.11.tgz. Extracting by manifest.
520 silly tarball no local data for jsonc-parser@https://registry.npmmirror.com/jsonc-parser/-/jsonc-parser-2.3.1.tgz. Extracting by manifest.
521 silly tarball no local data for @vscode/emmet-helper@https://registry.npmmirror.com/@vscode/emmet-helper/-/emmet-helper-2.9.3.tgz. Extracting by manifest.
522 silly tarball no local data for @emmetio/stream-reader-utils@https://registry.npmmirror.com/@emmetio/stream-reader-utils/-/stream-reader-utils-0.1.0.tgz. Extracting by manifest.
523 silly tarball no local data for @emmetio/scanner@https://registry.npmmirror.com/@emmetio/scanner/-/scanner-1.0.4.tgz. Extracting by manifest.
524 silly tarball no local data for @emmetio/html-matcher@https://registry.npmmirror.com/@emmetio/html-matcher/-/html-matcher-1.3.0.tgz. Extracting by manifest.
525 silly tarball no local data for @emmetio/stream-reader@https://registry.npmmirror.com/@emmetio/stream-reader/-/stream-reader-2.2.0.tgz. Extracting by manifest.
526 silly tarball no local data for vscode-css-languageservice@https://registry.npmmirror.com/vscode-css-languageservice/-/vscode-css-languageservice-6.3.1.tgz. Extracting by manifest.
527 silly tarball no local data for @emmetio/css-parser@https://registry.npmmirror.com/@emmetio/css-parser/-/css-parser-0.4.0.tgz. Extracting by manifest.
528 silly tarball no local data for vscode-html-languageservice@https://registry.npmmirror.com/vscode-html-languageservice/-/vscode-html-languageservice-5.3.1.tgz. Extracting by manifest.
529 silly tarball no local data for volar-service-pug@https://registry.npmmirror.com/volar-service-pug/-/volar-service-pug-0.0.62.tgz. Extracting by manifest.
530 silly tarball no local data for volar-service-typescript-twoslash-queries@https://registry.npmmirror.com/volar-service-typescript-twoslash-queries/-/volar-service-typescript-twoslash-queries-0.0.62.tgz. Extracting by manifest.
531 silly tarball no local data for volar-service-typescript@https://registry.npmmirror.com/volar-service-typescript/-/volar-service-typescript-0.0.62.tgz. Extracting by manifest.
532 silly tarball no local data for volar-service-pug-beautify@https://registry.npmmirror.com/volar-service-pug-beautify/-/volar-service-pug-beautify-0.0.62.tgz. Extracting by manifest.
533 silly tarball no local data for volar-service-json@https://registry.npmmirror.com/volar-service-json/-/volar-service-json-0.0.62.tgz. Extracting by manifest.
534 silly tarball no local data for volar-service-html@https://registry.npmmirror.com/volar-service-html/-/volar-service-html-0.0.62.tgz. Extracting by manifest.
535 silly tarball no local data for volar-service-css@https://registry.npmmirror.com/volar-service-css/-/volar-service-css-0.0.62.tgz. Extracting by manifest.
536 silly tarball no local data for volar-service-emmet@https://registry.npmmirror.com/volar-service-emmet/-/volar-service-emmet-0.0.62.tgz. Extracting by manifest.
537 silly tarball no local data for entities@https://registry.npmmirror.com/entities/-/entities-4.5.0.tgz. Extracting by manifest.
538 silly tarball no local data for @vue/compiler-core@https://registry.npmmirror.com/@vue/compiler-core/-/compiler-core-3.5.11.tgz. Extracting by manifest.
539 silly tarball no local data for muggle-string@https://registry.npmmirror.com/muggle-string/-/muggle-string-0.4.1.tgz. Extracting by manifest.
540 silly tarball no local data for minimatch@https://registry.npmmirror.com/minimatch/-/minimatch-9.0.5.tgz. Extracting by manifest.
541 silly tarball no local data for @vue/compiler-dom@https://registry.npmmirror.com/@vue/compiler-dom/-/compiler-dom-3.5.11.tgz. Extracting by manifest.
542 silly tarball no local data for @vue/shared@https://registry.npmmirror.com/@vue/shared/-/shared-3.5.11.tgz. Extracting by manifest.
543 silly tarball no local data for vscode-languageserver-textdocument@https://registry.npmmirror.com/vscode-languageserver-textdocument/-/vscode-languageserver-textdocument-1.0.12.tgz. Extracting by manifest.
544 silly tarball no local data for request-light@https://registry.npmmirror.com/request-light/-/request-light-0.7.0.tgz. Extracting by manifest.
545 silly tarball no local data for @volar/typescript@https://registry.npmmirror.com/@volar/typescript/-/typescript-2.4.6.tgz. Extracting by manifest.
546 silly tarball no local data for path-browserify@https://registry.npmmirror.com/path-browserify/-/path-browserify-1.0.1.tgz. Extracting by manifest.
547 silly tarball no local data for @volar/source-map@https://registry.npmmirror.com/@volar/source-map/-/source-map-2.4.6.tgz. Extracting by manifest.
548 silly tarball no local data for @volar/language-service@https://registry.npmmirror.com/@volar/language-service/-/language-service-2.4.6.tgz. Extracting by manifest.
549 silly tarball no local data for computeds@https://registry.npmmirror.com/computeds/-/computeds-0.0.1.tgz. Extracting by manifest.
550 silly tarball no local data for @vue/typescript-plugin@https://registry.npmmirror.com/@vue/typescript-plugin/-/typescript-plugin-2.0.26.tgz. Extracting by manifest.
551 silly tarball no local data for @vue/language-service@https://registry.npmmirror.com/@vue/language-service/-/language-service-2.0.26.tgz. Extracting by manifest.
552 silly tarball no local data for @vue/language-core@https://registry.npmmirror.com/@vue/language-core/-/language-core-2.0.26.tgz. Extracting by manifest.
553 silly tarball no local data for @volar/language-server@https://registry.npmmirror.com/@volar/language-server/-/language-server-2.4.6.tgz. Extracting by manifest.
554 silly tarball no local data for @volar/language-core@https://registry.npmmirror.com/@volar/language-core/-/language-core-2.4.6.tgz. Extracting by manifest.
555 silly tarball no local data for @vue/language-server@https://registry.npmmirror.com/@vue/language-server/-/language-server-2.0.26.tgz. Extracting by manifest.
556 silly tarball no local data for jsonc-parser@https://registry.npmmirror.com/jsonc-parser/-/jsonc-parser-3.3.1.tgz. Extracting by manifest.
557 silly tarball no local data for vscode-uri@https://registry.npmmirror.com/vscode-uri/-/vscode-uri-2.1.2.tgz. Extracting by manifest.
558 silly tarball no local data for vscode-uri@https://registry.npmmirror.com/vscode-uri/-/vscode-uri-3.0.8.tgz. Extracting by manifest.
559 silly tarball no local data for vscode-languageserver-protocol@https://registry.npmmirror.com/vscode-languageserver-protocol/-/vscode-languageserver-protocol-3.17.5.tgz. Extracting by manifest.
560 silly tarball no local data for vscode-languageserver@https://registry.npmmirror.com/vscode-languageserver/-/vscode-languageserver-9.0.1.tgz. Extracting by manifest.
561 http fetch GET 200 https://cdn.npmmirror.com/packages/pug-error/2.1.0/pug-error-2.1.0.tgz 568ms (cache miss)
562 http fetch GET 200 https://cdn.npmmirror.com/packages/is-expression/4.0.0/is-expression-4.0.0.tgz 567ms (cache miss)
563 http fetch GET 200 https://cdn.npmmirror.com/packages/token-stream/1.0.0/token-stream-1.0.0.tgz 571ms (cache miss)
564 http fetch GET 200 https://cdn.npmmirror.com/packages/%40vscode/l10n/0.0.18/l10n-0.0.18.tgz 591ms (cache miss)
565 http fetch GET 200 https://cdn.npmmirror.com/packages/pug-lexer/5.0.1/pug-lexer-5.0.1.tgz 587ms (cache miss)
566 http fetch GET 200 https://cdn.npmmirror.com/packages/pug-parser/6.0.0/pug-parser-6.0.0.tgz 586ms (cache miss)
567 http fetch GET 200 https://cdn.npmmirror.com/packages/%40emmetio/scanner/1.0.4/scanner-1.0.4.tgz 596ms (cache miss)
568 http fetch GET 200 https://cdn.npmmirror.com/packages/volar-service-json/0.0.62/volar-service-json-0.0.62.tgz 602ms (cache miss)
569 http fetch GET 200 https://cdn.npmmirror.com/packages/character-parser/2.2.0/character-parser-2.2.0.tgz 614ms (cache miss)
570 http fetch GET 200 https://cdn.npmmirror.com/packages/volar-service-pug/0.0.62/volar-service-pug-0.0.62.tgz 605ms (cache miss)
571 http fetch GET 200 https://cdn.npmmirror.com/packages/%40emmetio/stream-reader-utils/0.1.0/stream-reader-utils-0.1.0.tgz 608ms (cache miss)
572 http fetch GET 200 https://cdn.npmmirror.com/packages/%40emmetio/stream-reader/2.2.0/stream-reader-2.2.0.tgz 608ms (cache miss)
573 http fetch GET 200 https://cdn.npmmirror.com/packages/volar-service-typescript-twoslash-queries/0.0.62/volar-service-typescript-twoslash-queries-0.0.62.tgz 605ms (cache miss)
574 http fetch GET 200 https://cdn.npmmirror.com/packages/volar-service-pug-beautify/0.0.62/volar-service-pug-beautify-0.0.62.tgz 614ms (cache miss)
575 http fetch GET 200 https://cdn.npmmirror.com/packages/volar-service-css/0.0.62/volar-service-css-0.0.62.tgz 612ms (cache miss)
576 http fetch GET 200 https://cdn.npmmirror.com/packages/volar-service-html/0.0.62/volar-service-html-0.0.62.tgz 640ms (cache miss)
577 http fetch GET 200 https://cdn.npmmirror.com/packages/request-light/0.7.0/request-light-0.7.0.tgz 628ms (cache miss)
578 http fetch GET 200 https://cdn.npmmirror.com/packages/muggle-string/0.4.1/muggle-string-0.4.1.tgz 632ms (cache miss)
579 http fetch GET 200 https://cdn.npmmirror.com/packages/%40vue/shared/3.5.11/shared-3.5.11.tgz 636ms (cache miss)
580 http fetch GET 200 https://cdn.npmmirror.com/packages/%40volar/source-map/2.4.6/source-map-2.4.6.tgz 643ms (cache miss)
581 http fetch GET 200 https://cdn.npmmirror.com/packages/path-browserify/1.0.1/path-browserify-1.0.1.tgz 644ms (cache miss)
582 http fetch GET 200 https://cdn.npmmirror.com/packages/%40johnsoncodehk/pug-beautify/0.2.2/pug-beautify-0.2.2.tgz 679ms (cache miss)
583 http fetch GET 200 https://cdn.npmmirror.com/packages/%40volar/language-core/2.4.6/language-core-2.4.6.tgz 648ms (cache miss)
584 http fetch GET 200 https://cdn.npmmirror.com/packages/%40vue/typescript-plugin/2.0.26/typescript-plugin-2.0.26.tgz 659ms (cache miss)
585 http fetch GET 200 https://cdn.npmmirror.com/packages/%40emmetio/css-parser/0.4.0/css-parser-0.4.0.tgz 680ms (cache miss)
586 http fetch GET 200 https://cdn.npmmirror.com/packages/vscode-languageserver-textdocument/1.0.12/vscode-languageserver-textdocument-1.0.12.tgz 667ms (cache miss)
587 http fetch GET 200 https://cdn.npmmirror.com/packages/%40emmetio/html-matcher/1.3.0/html-matcher-1.3.0.tgz 695ms (cache miss)
588 http fetch GET 200 https://cdn.npmmirror.com/packages/%40emmetio/css-abbreviation/2.1.8/css-abbreviation-2.1.8.tgz 707ms (cache miss)
589 http fetch GET 200 https://cdn.npmmirror.com/packages/computeds/0.0.1/computeds-0.0.1.tgz 702ms (cache miss)
590 http fetch GET 200 https://cdn.npmmirror.com/packages/%40vscode/emmet-helper/2.9.3/emmet-helper-2.9.3.tgz 727ms (cache miss)
591 http fetch GET 200 https://cdn.npmmirror.com/packages/%40emmetio/abbreviation/2.3.3/abbreviation-2.3.3.tgz 730ms (cache miss)
592 http fetch GET 200 https://cdn.npmmirror.com/packages/%40vue/language-server/2.0.26/language-server-2.0.26.tgz 715ms (cache miss)
593 http fetch GET 200 https://cdn.npmmirror.com/packages/vscode-uri/2.1.2/vscode-uri-2.1.2.tgz 715ms (cache miss)
594 http fetch GET 200 https://cdn.npmmirror.com/packages/volar-service-emmet/0.0.62/volar-service-emmet-0.0.62.tgz 736ms (cache miss)
595 http fetch GET 200 https://cdn.npmmirror.com/packages/vscode-languageserver-types/3.17.5/vscode-languageserver-types-3.17.5.tgz 785ms (cache miss)
596 http fetch GET 200 https://cdn.npmmirror.com/packages/vscode-uri/3.0.8/vscode-uri-3.0.8.tgz 780ms (cache miss)
597 http fetch GET 200 https://cdn.npmmirror.com/packages/jsonc-parser/2.3.1/jsonc-parser-2.3.1.tgz 834ms (cache miss)
598 http fetch GET 200 https://cdn.npmmirror.com/packages/vscode-nls/5.2.0/vscode-nls-5.2.0.tgz 845ms (cache miss)
599 http fetch GET 200 https://cdn.npmmirror.com/packages/%40vue/compiler-core/3.5.11/compiler-core-3.5.11.tgz 823ms (cache miss)
600 http fetch GET 200 https://cdn.npmmirror.com/packages/semver/7.6.3/semver-7.6.3.tgz 866ms (cache miss)
601 http fetch GET 200 https://cdn.npmmirror.com/packages/jsonc-parser/3.3.1/jsonc-parser-3.3.1.tgz 840ms (cache miss)
602 http fetch GET 200 https://cdn.npmmirror.com/packages/%40vue/compiler-dom/3.5.11/compiler-dom-3.5.11.tgz 865ms (cache miss)
603 http fetch GET 200 https://cdn.npmmirror.com/packages/typescript-auto-import-cache/0.3.3/typescript-auto-import-cache-0.3.3.tgz 907ms (cache miss)
604 http fetch GET 200 https://cdn.npmmirror.com/packages/%40volar/typescript/2.4.6/typescript-2.4.6.tgz 877ms (cache miss)
605 http fetch GET 200 https://cdn.npmmirror.com/packages/vscode-jsonrpc/8.2.0/vscode-jsonrpc-8.2.0.tgz 911ms (cache miss)
606 http fetch GET 200 https://cdn.npmmirror.com/packages/volar-service-typescript/0.0.62/volar-service-typescript-0.0.62.tgz 902ms (cache miss)
607 http fetch GET 200 https://cdn.npmmirror.com/packages/%40volar/language-server/2.4.6/language-server-2.4.6.tgz 885ms (cache miss)
608 http fetch GET 200 https://cdn.npmmirror.com/packages/minimatch/9.0.5/minimatch-9.0.5.tgz 928ms (cache miss)
609 http fetch GET 200 https://cdn.npmmirror.com/packages/acorn/7.4.1/acorn-7.4.1.tgz 954ms (cache miss)
610 http fetch GET 200 https://cdn.npmmirror.com/packages/emmet/2.4.11/emmet-2.4.11.tgz 973ms (cache miss)
611 http fetch GET 200 https://cdn.npmmirror.com/packages/vscode-languageserver/9.0.1/vscode-languageserver-9.0.1.tgz 939ms (cache miss)
612 http fetch GET 200 https://cdn.npmmirror.com/packages/entities/4.5.0/entities-4.5.0.tgz 962ms (cache miss)
613 http fetch GET 200 https://cdn.npmmirror.com/packages/vscode-languageserver-protocol/3.17.5/vscode-languageserver-protocol-3.17.5.tgz 972ms (cache miss)
614 http fetch GET 200 https://cdn.npmmirror.com/packages/%40volar/language-service/2.4.6/language-service-2.4.6.tgz 983ms (cache miss)
615 http fetch GET 200 https://cdn.npmmirror.com/packages/vscode-json-languageservice/5.4.1/vscode-json-languageservice-5.4.1.tgz 1008ms (cache miss)
616 http fetch GET 200 https://cdn.npmmirror.com/packages/%40vue/language-core/2.0.26/language-core-2.0.26.tgz 1017ms (cache miss)
617 http fetch GET 200 https://cdn.npmmirror.com/packages/%40vue/language-service/2.0.26/language-service-2.0.26.tgz 1035ms (cache miss)
618 http fetch GET 200 https://cdn.npmmirror.com/packages/vscode-html-languageservice/5.3.1/vscode-html-languageservice-5.3.1.tgz 1073ms (cache miss)
619 http fetch GET 200 https://cdn.npmmirror.com/packages/vscode-css-languageservice/6.3.1/vscode-css-languageservice-6.3.1.tgz 1103ms (cache miss)
620 silly ADD node_modules/he
621 silly ADD node_modules/de-indent
622 silly ADD node_modules/vscode-jsonrpc
623 silly ADD node_modules/@vscode/l10n
624 silly ADD node_modules/vscode-nls
625 silly ADD node_modules/typescript-auto-import-cache
626 silly ADD node_modules/semver
627 silly ADD node_modules/@johnsoncodehk/pug-beautify
628 silly ADD node_modules/has-property-descriptors
629 silly ADD node_modules/gopd
630 silly ADD node_modules/define-data-property
631 silly ADD node_modules/token-stream
632 silly ADD node_modules/hasown
633 silly ADD node_modules/has-symbols
634 silly ADD node_modules/has-proto
635 silly ADD node_modules/set-function-length
636 silly ADD node_modules/get-intrinsic
637 silly ADD node_modules/function-bind
638 silly ADD node_modules/es-errors
639 silly ADD node_modules/es-define-property
640 silly ADD node_modules/has-tostringtag
641 silly ADD node_modules/call-bind
642 silly ADD node_modules/object-assign
643 silly ADD node_modules/acorn
644 silly ADD node_modules/is-regex
645 silly ADD node_modules/pug-error
646 silly ADD node_modules/is-expression
647 silly ADD node_modules/character-parser
648 silly ADD node_modules/pug-parser
649 silly ADD node_modules/pug-lexer
650 silly ADD node_modules/vscode-json-languageservice
651 silly ADD node_modules/vscode-json-languageservice/node_modules/jsonc-parser
652 silly ADD node_modules/@emmetio/css-abbreviation
653 silly ADD node_modules/@emmetio/abbreviation
654 silly ADD node_modules/vscode-languageserver-types
655 silly ADD node_modules/jsonc-parser
656 silly ADD node_modules/emmet
657 silly ADD node_modules/@emmetio/scanner
658 silly ADD node_modules/@emmetio/stream-reader-utils
659 silly ADD node_modules/@emmetio/stream-reader
660 silly ADD node_modules/@vscode/emmet-helper
661 silly ADD node_modules/@vscode/emmet-helper/node_modules/vscode-uri
662 silly ADD node_modules/@emmetio/html-matcher
663 silly ADD node_modules/@emmetio/css-parser
664 silly ADD node_modules/vscode-css-languageservice
665 silly ADD node_modules/balanced-match
666 silly ADD node_modules/brace-expansion
667 silly ADD node_modules/vscode-html-languageservice
668 silly ADD node_modules/volar-service-typescript-twoslash-queries
669 silly ADD node_modules/volar-service-typescript
670 silly ADD node_modules/volar-service-pug-beautify
671 silly ADD node_modules/volar-service-pug
672 silly ADD node_modules/volar-service-json
673 silly ADD node_modules/volar-service-html
674 silly ADD node_modules/volar-service-emmet
675 silly ADD node_modules/volar-service-css
676 silly ADD node_modules/to-fast-properties
677 silly ADD node_modules/@babel/helper-validator-identifier
678 silly ADD node_modules/@babel/helper-string-parser
679 silly ADD node_modules/@babel/types
680 silly ADD node_modules/source-map-js
681 silly ADD node_modules/estree-walker
682 silly ADD node_modules/entities
683 silly ADD node_modules/@babel/parser
684 silly ADD node_modules/@vue/compiler-core
685 silly ADD node_modules/vue-template-compiler
686 silly ADD node_modules/muggle-string
687 silly ADD node_modules/minimatch
688 silly ADD node_modules/computeds
689 silly ADD node_modules/@vue/shared
690 silly ADD node_modules/@vue/compiler-dom
691 silly ADD node_modules/vscode-languageserver-textdocument
692 silly ADD node_modules/vscode-languageserver
693 silly ADD node_modules/request-light
694 silly ADD node_modules/path-browserify
695 silly ADD node_modules/@volar/typescript
696 silly ADD node_modules/@volar/language-service
697 silly ADD node_modules/@volar/source-map
698 silly ADD node_modules/vscode-uri
699 silly ADD node_modules/vscode-languageserver-protocol
700 silly ADD node_modules/@vue/typescript-plugin
701 silly ADD node_modules/@vue/language-service
702 silly ADD node_modules/@vue/language-core
703 silly ADD node_modules/@volar/language-server
704 silly ADD node_modules/@volar/language-core
705 silly ADD node_modules/@vue/language-server
706 verbose cwd /home/st/.cache/JetBrains/WebStorm2024.2.3/javascript/typings/@vue/language-server/2.0.26
707 verbose os Linux 5.15.153.1-microsoft-standard-WSL2
708 verbose node v20.17.0
709 verbose npm  v10.8.3
710 verbose exit 0
711 info ok
